<?xml version="1.0" encoding="UTF-8"?>
<!-- Generated by org.testng.reporters.JUnitReportReporter -->
<testsuite name="wiley.automation.wol.test.Integration_Mobile_Check" tests="1" time="229.789" ignored="0" failures="0" timestamp="29 Oct 2018 09:46:09 GMT" skipped="0" hostname="ZAUSVDIAPSINHA" errors="0">
  <testcase name="articleselect1" time="229.789" classname="wiley.automation.wol.test.Integration_Mobile_Check"/>
</testsuite> <!-- wiley.automation.wol.test.Integration_Mobile_Check -->
