<?xml version="1.0" encoding="UTF-8"?>
<!-- Generated by org.testng.reporters.JUnitReportReporter -->
<testsuite name="wiley.automation.wol.test.Integration_Article_Select" tests="1" time="415.860" ignored="0" failures="0" timestamp="29 Oct 2018 09:13:19 GMT" skipped="0" hostname="ZAUSVDIAPSINHA" errors="0">
  <testcase name="articleselect1" time="415.860" classname="wiley.automation.wol.test.Integration_Article_Select"/>
</testsuite> <!-- wiley.automation.wol.test.Integration_Article_Select -->
