<?xml version="1.0" encoding="UTF-8"?>
<!-- Generated by org.testng.reporters.JUnitReportReporter -->
<testsuite name="wiley.automation.wol.test.Compare_JPSlite" tests="2" time="76.323" ignored="0" failures="0" timestamp="27 Feb 2019 10:01:06 GMT" skipped="0" hostname="ZAUSV-BMUKHER" errors="0">
  <testcase name="almtolit1" time="30.673" classname="wiley.automation.wol.test.Compare_JPSlite"/>
  <testcase name="almtolit" time="45.650" classname="wiley.automation.wol.test.Compare_JPSlite"/>
</testsuite> <!-- wiley.automation.wol.test.Compare_JPSlite -->
