<?xml version="1.0" encoding="UTF-8"?>
<!-- Generated by org.testng.reporters.JUnitReportReporter -->
<testsuite name="wiley.automation.wol.test.Integration_Literatum_ALM" tests="1" time="34.597" ignored="0" failures="0" timestamp="14 Nov 2018 13:43:42 GMT" skipped="0" hostname="ZAUSVDIAPSINHA" errors="0">
  <testcase name="littoalm12" time="34.597" classname="wiley.automation.wol.test.Integration_Literatum_ALM"/>
</testsuite> <!-- wiley.automation.wol.test.Integration_Literatum_ALM -->
