<?xml version="1.0" encoding="UTF-8"?>
<!-- Generated by org.testng.reporters.JUnitReportReporter -->
<testsuite name="wiley.automation.wol.test.Integration_ALM_Literatum" tests="3" time="1121.125" ignored="0" failures="0" timestamp="25 Oct 2018 16:00:35 GMT" skipped="0" hostname="ZAUSVDIAPSINHA" errors="0">
  <testcase name="almtolit31" time="616.067" classname="wiley.automation.wol.test.Integration_ALM_Literatum"/>
  <testcase name="almtolit32" time="155.316" classname="wiley.automation.wol.test.Integration_ALM_Literatum"/>
  <testcase name="almtolit30" time="349.742" classname="wiley.automation.wol.test.Integration_ALM_Literatum"/>
</testsuite> <!-- wiley.automation.wol.test.Integration_ALM_Literatum -->
