<?xml version="1.0" encoding="UTF-8"?>
<!-- Generated by org.testng.reporters.JUnitReportReporter -->
<testsuite name="wiley.automation.wol.test.Compare_Selection" tests="23" time="61216.633" ignored="0" failures="0" timestamp="01 Jan 2019 01:48:00 GMT" skipped="0" hostname="ZAUSVDIAPSINHA" errors="0">
  <testcase name="compare2" time="2668.005" classname="wiley.automation.wol.test.Compare_Selection"/>
  <testcase name="compare2" time="2647.968" classname="wiley.automation.wol.test.Compare_Selection"/>
  <testcase name="compare2" time="2601.238" classname="wiley.automation.wol.test.Compare_Selection"/>
  <testcase name="compare2" time="2672.023" classname="wiley.automation.wol.test.Compare_Selection"/>
  <testcase name="compare2" time="2628.957" classname="wiley.automation.wol.test.Compare_Selection"/>
  <testcase name="compare2" time="2631.531" classname="wiley.automation.wol.test.Compare_Selection"/>
  <testcase name="compare2" time="2606.868" classname="wiley.automation.wol.test.Compare_Selection"/>
  <testcase name="compare2" time="2714.745" classname="wiley.automation.wol.test.Compare_Selection"/>
  <testcase name="compare2" time="2645.822" classname="wiley.automation.wol.test.Compare_Selection"/>
  <testcase name="compare2" time="2634.997" classname="wiley.automation.wol.test.Compare_Selection"/>
  <testcase name="compare2" time="2568.889" classname="wiley.automation.wol.test.Compare_Selection"/>
  <testcase name="compare2" time="2680.627" classname="wiley.automation.wol.test.Compare_Selection"/>
  <testcase name="compare2" time="2672.563" classname="wiley.automation.wol.test.Compare_Selection"/>
  <testcase name="compare2" time="2525.339" classname="wiley.automation.wol.test.Compare_Selection"/>
  <testcase name="compare2" time="3007.075" classname="wiley.automation.wol.test.Compare_Selection"/>
  <testcase name="compare2" time="2683.286" classname="wiley.automation.wol.test.Compare_Selection"/>
  <testcase name="compare2" time="2631.761" classname="wiley.automation.wol.test.Compare_Selection"/>
  <testcase name="compare2" time="2712.210" classname="wiley.automation.wol.test.Compare_Selection"/>
  <testcase name="compare2" time="2681.929" classname="wiley.automation.wol.test.Compare_Selection"/>
  <testcase name="compare2" time="2682.241" classname="wiley.automation.wol.test.Compare_Selection"/>
  <testcase name="compare2" time="2624.013" classname="wiley.automation.wol.test.Compare_Selection"/>
  <testcase name="compare2" time="2653.804" classname="wiley.automation.wol.test.Compare_Selection"/>
  <testcase name="compare2" time="2640.743" classname="wiley.automation.wol.test.Compare_Selection"/>
</testsuite> <!-- wiley.automation.wol.test.Compare_Selection -->
